D:\2021SPRING\DIP\WORKSHOP\DIP_LAB\DEBUG\FFT.EXE
D:\2021SPRING\DIP\WORKSHOP\DIP_LAB\DEBUG\FFT.ILK
D:\2021SPRING\DIP\WORKSHOP\DIP_LAB\DEBUG\FFT.PDB
D:\2021Spring\DIP\workshop\DIP_lab\FFT\Debug\cl.command.1.tlog
D:\2021Spring\DIP\workshop\DIP_lab\FFT\Debug\CL.read.1.tlog
D:\2021Spring\DIP\workshop\DIP_lab\FFT\Debug\CL.write.1.tlog
D:\2021SPRING\DIP\WORKSHOP\DIP_LAB\FFT\DEBUG\FFT.EXE.EMBED.MANIFEST
D:\2021SPRING\DIP\WORKSHOP\DIP_LAB\FFT\DEBUG\FFT.EXE.EMBED.MANIFEST.RES
D:\2021SPRING\DIP\WORKSHOP\DIP_LAB\FFT\DEBUG\FFT.EXE.INTERMEDIATE.MANIFEST
D:\2021SPRING\DIP\WORKSHOP\DIP_LAB\FFT\DEBUG\FFT.OBJ
D:\2021Spring\DIP\workshop\DIP_lab\FFT\Debug\FFT.write.1.tlog
D:\2021Spring\DIP\workshop\DIP_lab\FFT\Debug\FFT_manifest.rc
D:\2021Spring\DIP\workshop\DIP_lab\FFT\Debug\link.1344.read.1.tlog
D:\2021Spring\DIP\workshop\DIP_lab\FFT\Debug\link.1344.write.1.tlog
D:\2021Spring\DIP\workshop\DIP_lab\FFT\Debug\link.1344-cvtres.read.1.tlog
D:\2021Spring\DIP\workshop\DIP_lab\FFT\Debug\link.1344-cvtres.write.1.tlog
D:\2021Spring\DIP\workshop\DIP_lab\FFT\Debug\link.command.1.tlog
D:\2021Spring\DIP\workshop\DIP_lab\FFT\Debug\link.read.1.tlog
D:\2021Spring\DIP\workshop\DIP_lab\FFT\Debug\link.write.1.tlog
D:\2021Spring\DIP\workshop\DIP_lab\FFT\Debug\link-cvtres.read.1.tlog
D:\2021Spring\DIP\workshop\DIP_lab\FFT\Debug\link-cvtres.write.1.tlog
D:\2021SPRING\DIP\WORKSHOP\DIP_LAB\FFT\DEBUG\MAIN.OBJ
D:\2021Spring\DIP\workshop\DIP_lab\FFT\Debug\mt.command.1.tlog
D:\2021Spring\DIP\workshop\DIP_lab\FFT\Debug\mt.read.1.tlog
D:\2021Spring\DIP\workshop\DIP_lab\FFT\Debug\mt.write.1.tlog
D:\2021SPRING\DIP\WORKSHOP\DIP_LAB\FFT\DEBUG\PROTO.OBJ
D:\2021Spring\DIP\workshop\DIP_lab\FFT\Debug\rc.command.1.tlog
D:\2021Spring\DIP\workshop\DIP_lab\FFT\Debug\rc.read.1.tlog
D:\2021Spring\DIP\workshop\DIP_lab\FFT\Debug\rc.write.1.tlog
D:\2021Spring\DIP\workshop\DIP_lab\FFT\Debug\vc100.idb
D:\2021SPRING\DIP\WORKSHOP\DIP_LAB\FFT\DEBUG\VC100.PDB
